# JRE version: OpenJDK Runtime Environment Temurin-17.0.8.1+1 (17.0.8.1+1) (build 17.0.8.1+1)
# Java VM: OpenJDK 64-Bit Server VM Temurin-17.0.8.1+1 (17.0.8.1+1, mixed mode, tiered, compressed oops, compressed class ptrs, parallel gc, linux-amd64)
GC Precious Log:
 CPUs: 8 total, 8 available
 Memory: 3845M
 Large Page Support: Disabled
 NUMA Support: Disabled
 Compressed Oops: Enabled (32-bit)
 Alignments: Space 512K, Generation 512K, Heap 2M
 Heap Min Capacity: 100M
 Heap Initial Capacity: 100M
 Heap Max Capacity: 1G
 Pre-touch: Disabled
 Parallel Workers: 8
Heap:
 PSYoungGen      total 20992K, used 20974K [0x00000000eab00000, 0x00000000ec180000, 0x0000000100000000)
  eden space 19968K, 99% used [0x00000000eab00000,0x00000000ebe7ffe8,0x00000000ebe80000)
  from space 1024K, 98% used [0x00000000ec080000,0x00000000ec17ba40,0x00000000ec180000)
  to   space 1536K, 6% used [0x00000000ebe80000,0x00000000ebe98000,0x00000000ec000000)
 ParOldGen       total 68608K, used 54367K [0x00000000c0000000, 0x00000000c4300000, 0x00000000eab00000)
  object space 68608K, 79% used [0x00000000c0000000,0x00000000c3517ed8,0x00000000c4300000)
 Metaspace       used 64107K, committed 65216K, reserved 1114112K
  class space    used 6976K, committed 7424K, reserved 1048576K
GC Heap History (20 events):
Event: 9.554 GC heap after
{Heap after GC invocations=32 (full 3):
 PSYoungGen      total 23040K, used 1104K [0x00000000eab00000, 0x00000000ec300000, 0x0000000100000000)
  eden space 21504K, 0% used [0x00000000eab00000,0x00000000eab00000,0x00000000ec000000)
  from space 1536K, 71% used [0x00000000ec100000,0x00000000ec214010,0x00000000ec280000)
  to   space 512K, 0% used [0x00000000ec280000,0x00000000ec280000,0x00000000ec300000)
 ParOldGen       total 68608K, used 39965K [0x00000000c0000000, 0x00000000c4300000, 0x00000000eab00000)
  object space 68608K, 58% used [0x00000000c0000000,0x00000000c27077c0,0x00000000c4300000)
 Metaspace       used 59200K, committed 60416K, reserved 1114112K
  class space    used 6411K, committed 6912K, reserved 1048576K
}
Event: 9.623 GC heap before
{Heap before GC invocations=33 (full 3):
 PSYoungGen      total 23040K, used 22608K [0x00000000eab00000, 0x00000000ec300000, 0x0000000100000000)
  eden space 21504K, 100% used [0x00000000eab00000,0x00000000ec000000,0x00000000ec000000)
  from space 1536K, 71% used [0x00000000ec100000,0x00000000ec214010,0x00000000ec280000)
  to   space 512K, 0% used [0x00000000ec280000,0x00000000ec280000,0x00000000ec300000)
 ParOldGen       total 68608K, used 39965K [0x00000000c0000000, 0x00000000c4300000, 0x00000000eab00000)
  object space 68608K, 58% used [0x00000000c0000000,0x00000000c27077c0,0x00000000c4300000)
 Metaspace       used 59457K, committed 60608K, reserved 1114112K
  class space    used 6433K, committed 6912K, reserved 1048576K
}
Event: 9.627 GC heap after
{Heap after GC invocations=33 (full 3):
 PSYoungGen      total 20992K, used 500K [0x00000000eab00000, 0x00000000ec700000, 0x0000000100000000)
  eden space 20480K, 0% used [0x00000000eab00000,0x00000000eab00000,0x00000000ebf00000)
  from space 512K, 97% used [0x00000000ec280000,0x00000000ec2fd070,0x00000000ec300000)
  to   space 3584K, 0% used [0x00000000ebf00000,0x00000000ebf00000,0x00000000ec280000)
 ParOldGen       total 68608K, used 42565K [0x00000000c0000000, 0x00000000c4300000, 0x00000000eab00000)
  object space 68608K, 62% used [0x00000000c0000000,0x00000000c29916a0,0x00000000c4300000)
 Metaspace       used 59457K, committed 60608K, reserved 1114112K
  class space    used 6433K, committed 6912K, reserved 1048576K
}
Event: 9.703 GC heap before
{Heap before GC invocations=34 (full 3):
 PSYoungGen      total 20992K, used 20980K [0x00000000eab00000, 0x00000000ec700000, 0x0000000100000000)
  eden space 20480K, 100% used [0x00000000eab00000,0x00000000ebf00000,0x00000000ebf00000)
  from space 512K, 97% used [0x00000000ec280000,0x00000000ec2fd070,0x00000000ec300000)
  to   space 3584K, 0% used [0x00000000ebf00000,0x00000000ebf00000,0x00000000ec280000)
 ParOldGen       total 68608K, used 42565K [0x00000000c0000000, 0x00000000c4300000, 0x00000000eab00000)
  object space 68608K, 62% used [0x00000000c0000000,0x00000000c29916a0,0x00000000c4300000)
 Metaspace       used 59596K, committed 60736K, reserved 1114112K
  class space    used 6441K, committed 6912K, reserved 1048576K
}
Event: 9.706 GC heap after
{Heap after GC invocations=34 (full 3):
 PSYoungGen      total 24064K, used 3112K [0x00000000eab00000, 0x00000000ec600000, 0x0000000100000000)
  eden space 20480K, 0% used [0x00000000eab00000,0x00000000eab00000,0x00000000ebf00000)
  from space 3584K, 86% used [0x00000000ebf00000,0x00000000ec20a2b0,0x00000000ec280000)
  to   space 3584K, 0% used [0x00000000ec280000,0x00000000ec280000,0x00000000ec600000)
 ParOldGen       total 68608K, used 43071K [0x00000000c0000000, 0x00000000c4300000, 0x00000000eab00000)
  object space 68608K, 62% used [0x00000000c0000000,0x00000000c2a0ff78,0x00000000c4300000)
 Metaspace       used 59596K, committed 60736K, reserved 1114112K
  class space    used 6441K, committed 6912K, reserved 1048576K
}
Event: 9.785 GC heap before
{Heap before GC invocations=35 (full 3):
 PSYoungGen      total 24064K, used 23592K [0x00000000eab00000, 0x00000000ec600000, 0x0000000100000000)
  eden space 20480K, 100% used [0x00000000eab00000,0x00000000ebf00000,0x00000000ebf00000)
  from space 3584K, 86% used [0x00000000ebf00000,0x00000000ec20a2b0,0x00000000ec280000)
  to   space 3584K, 0% used [0x00000000ec280000,0x00000000ec280000,0x00000000ec600000)
 ParOldGen       total 68608K, used 43071K [0x00000000c0000000, 0x00000000c4300000, 0x00000000eab00000)
  object space 68608K, 62% used [0x00000000c0000000,0x00000000c2a0ff78,0x00000000c4300000)
 Metaspace       used 59855K, committed 61056K, reserved 1114112K
  class space    used 6469K, committed 6976K, reserved 1048576K
}
Event: 9.792 GC heap after
{Heap after GC invocations=35 (full 3):
 PSYoungGen      total 23552K, used 2672K [0x00000000eab00000, 0x00000000ec580000, 0x0000000100000000)
  eden space 20480K, 0% used [0x00000000eab00000,0x00000000eab00000,0x00000000ebf00000)
  from space 3072K, 86% used [0x00000000ec280000,0x00000000ec51c058,0x00000000ec580000)
  to   space 3072K, 0% used [0x00000000ebf80000,0x00000000ebf80000,0x00000000ec280000)
 ParOldGen       total 68608K, used 45793K [0x00000000c0000000, 0x00000000c4300000, 0x00000000eab00000)
  object space 68608K, 66% used [0x00000000c0000000,0x00000000c2cb85e8,0x00000000c4300000)
 Metaspace       used 59855K, committed 61056K, reserved 1114112K
  class space    used 6469K, committed 6976K, reserved 1048576K
}
Event: 9.855 GC heap before
{Heap before GC invocations=36 (full 3):
 PSYoungGen      total 23552K, used 23152K [0x00000000eab00000, 0x00000000ec580000, 0x0000000100000000)
  eden space 20480K, 100% used [0x00000000eab00000,0x00000000ebf00000,0x00000000ebf00000)
  from space 3072K, 86% used [0x00000000ec280000,0x00000000ec51c058,0x00000000ec580000)
  to   space 3072K, 0% used [0x00000000ebf80000,0x00000000ebf80000,0x00000000ec280000)
 ParOldGen       total 68608K, used 45793K [0x00000000c0000000, 0x00000000c4300000, 0x00000000eab00000)
  object space 68608K, 66% used [0x00000000c0000000,0x00000000c2cb85e8,0x00000000c4300000)
 Metaspace       used 60124K, committed 61312K, reserved 1114112K
  class space    used 6502K, committed 6976K, reserved 1048576K
}
Event: 9.860 GC heap after
{Heap after GC invocations=36 (full 3):
 PSYoungGen      total 22528K, used 1728K [0x00000000eab00000, 0x00000000ec400000, 0x0000000100000000)
  eden space 20480K, 0% used [0x00000000eab00000,0x00000000eab00000,0x00000000ebf00000)
  from space 2048K, 84% used [0x00000000ebf80000,0x00000000ec130000,0x00000000ec180000)
  to   space 2560K, 0% used [0x00000000ec180000,0x00000000ec180000,0x00000000ec400000)
 ParOldGen       total 68608K, used 48135K [0x00000000c0000000, 0x00000000c4300000, 0x00000000eab00000)
  object space 68608K, 70% used [0x00000000c0000000,0x00000000c2f01c60,0x00000000c4300000)
 Metaspace       used 60124K, committed 61312K, reserved 1114112K
  class space    used 6502K, committed 6976K, reserved 1048576K
}
Event: 9.949 GC heap before
{Heap before GC invocations=37 (full 3):
 PSYoungGen      total 22528K, used 22208K [0x00000000eab00000, 0x00000000ec400000, 0x0000000100000000)
  eden space 20480K, 100% used [0x00000000eab00000,0x00000000ebf00000,0x00000000ebf00000)
  from space 2048K, 84% used [0x00000000ebf80000,0x00000000ec130000,0x00000000ec180000)
  to   space 2560K, 0% used [0x00000000ec180000,0x00000000ec180000,0x00000000ec400000)
 ParOldGen       total 68608K, used 48135K [0x00000000c0000000, 0x00000000c4300000, 0x00000000eab00000)
  object space 68608K, 70% used [0x00000000c0000000,0x00000000c2f01c60,0x00000000c4300000)
 Metaspace       used 60410K, committed 61568K, reserved 1114112K
  class space    used 6537K, committed 7040K, reserved 1048576K
}
Event: 9.955 GC heap after
{Heap after GC invocations=37 (full 3):
 PSYoungGen      total 22528K, used 2496K [0x00000000eab00000, 0x00000000ec500000, 0x0000000100000000)
  eden space 19968K, 0% used [0x00000000eab00000,0x00000000eab00000,0x00000000ebe80000)
  from space 2560K, 97% used [0x00000000ec180000,0x00000000ec3f0000,0x00000000ec400000)
  to   space 3072K, 0% used [0x00000000ebe80000,0x00000000ebe80000,0x00000000ec180000)
 ParOldGen       total 68608K, used 49815K [0x00000000c0000000, 0x00000000c4300000, 0x00000000eab00000)
  object space 68608K, 72% used [0x00000000c0000000,0x00000000c30a5ec8,0x00000000c4300000)
 Metaspace       used 60410K, committed 61568K, reserved 1114112K
  class space    used 6537K, committed 7040K, reserved 1048576K
}
Event: 10.026 GC heap before
{Heap before GC invocations=38 (full 3):
 PSYoungGen      total 22528K, used 22464K [0x00000000eab00000, 0x00000000ec500000, 0x0000000100000000)
  eden space 19968K, 100% used [0x00000000eab00000,0x00000000ebe80000,0x00000000ebe80000)
  from space 2560K, 97% used [0x00000000ec180000,0x00000000ec3f0000,0x00000000ec400000)
  to   space 3072K, 0% used [0x00000000ebe80000,0x00000000ebe80000,0x00000000ec180000)
 ParOldGen       total 68608K, used 49815K [0x00000000c0000000, 0x00000000c4300000, 0x00000000eab00000)
  object space 68608K, 72% used [0x00000000c0000000,0x00000000c30a5ec8,0x00000000c4300000)
 Metaspace       used 60720K, committed 61888K, reserved 1114112K
  class space    used 6571K, committed 7040K, reserved 1048576K
}
Event: 10.032 GC heap after
{Heap after GC invocations=38 (full 3):
 PSYoungGen      total 22016K, used 1888K [0x00000000eab00000, 0x00000000ec380000, 0x0000000100000000)
  eden space 19968K, 0% used [0x00000000eab00000,0x00000000eab00000,0x00000000ebe80000)
  from space 2048K, 92% used [0x00000000ebe80000,0x00000000ec058000,0x00000000ec080000)
  to   space 2560K, 0% used [0x00000000ec100000,0x00000000ec100000,0x00000000ec380000)
 ParOldGen       total 68608K, used 52175K [0x00000000c0000000, 0x00000000c4300000, 0x00000000eab00000)
  object space 68608K, 76% used [0x00000000c0000000,0x00000000c32f3ec8,0x00000000c4300000)
 Metaspace       used 60720K, committed 61888K, reserved 1114112K
  class space    used 6571K, committed 7040K, reserved 1048576K
}
Event: 10.154 GC heap before
{Heap before GC invocations=39 (full 3):
 PSYoungGen      total 22016K, used 21856K [0x00000000eab00000, 0x00000000ec380000, 0x0000000100000000)
  eden space 19968K, 100% used [0x00000000eab00000,0x00000000ebe80000,0x00000000ebe80000)
  from space 2048K, 92% used [0x00000000ebe80000,0x00000000ec058000,0x00000000ec080000)
  to   space 2560K, 0% used [0x00000000ec100000,0x00000000ec100000,0x00000000ec380000)
 ParOldGen       total 68608K, used 52175K [0x00000000c0000000, 0x00000000c4300000, 0x00000000eab00000)
  object space 68608K, 76% used [0x00000000c0000000,0x00000000c32f3ec8,0x00000000c4300000)
 Metaspace       used 61436K, committed 62656K, reserved 1114112K
  class space    used 6687K, committed 7168K, reserved 1048576K
}
Event: 10.159 GC heap after
{Heap after GC invocations=39 (full 3):
 PSYoungGen      total 20480K, used 512K [0x00000000eab00000, 0x00000000ec180000, 0x0000000100000000)
  eden space 19968K, 0% used [0x00000000eab00000,0x00000000eab00000,0x00000000ebe80000)
  from space 512K, 100% used [0x00000000ec100000,0x00000000ec180000,0x00000000ec180000)
  to   space 1536K, 0% used [0x00000000ebe80000,0x00000000ebe80000,0x00000000ec000000)
 ParOldGen       total 68608K, used 53919K [0x00000000c0000000, 0x00000000c4300000, 0x00000000eab00000)
  object space 68608K, 78% used [0x00000000c0000000,0x00000000c34a7ed8,0x00000000c4300000)
 Metaspace       used 61436K, committed 62656K, reserved 1114112K
  class space    used 6687K, committed 7168K, reserved 1048576K
}
Event: 10.269 GC heap before
{Heap before GC invocations=40 (full 3):
 PSYoungGen      total 20480K, used 20480K [0x00000000eab00000, 0x00000000ec180000, 0x0000000100000000)
  eden space 19968K, 100% used [0x00000000eab00000,0x00000000ebe80000,0x00000000ebe80000)
  from space 512K, 100% used [0x00000000ec100000,0x00000000ec180000,0x00000000ec180000)
  to   space 1536K, 0% used [0x00000000ebe80000,0x00000000ebe80000,0x00000000ec000000)
 ParOldGen       total 68608K, used 53919K [0x00000000c0000000, 0x00000000c4300000, 0x00000000eab00000)
  object space 68608K, 78% used [0x00000000c0000000,0x00000000c34a7ed8,0x00000000c4300000)
 Metaspace       used 61900K, committed 63040K, reserved 1114112K
  class space    used 6731K, committed 7168K, reserved 1048576K
}
Event: 10.271 GC heap after
{Heap after GC invocations=40 (full 3):
 PSYoungGen      total 21504K, used 416K [0x00000000eab00000, 0x00000000ec180000, 0x0000000100000000)
  eden space 19968K, 0% used [0x00000000eab00000,0x00000000eab00000,0x00000000ebe80000)
  from space 1536K, 27% used [0x00000000ebe80000,0x00000000ebee8000,0x00000000ec000000)
  to   space 1024K, 0% used [0x00000000ec080000,0x00000000ec080000,0x00000000ec180000)
 ParOldGen       total 68608K, used 54151K [0x00000000c0000000, 0x00000000c4300000, 0x00000000eab00000)
  object space 68608K, 78% used [0x00000000c0000000,0x00000000c34e1ed8,0x00000000c4300000)
 Metaspace       used 61900K, committed 63040K, reserved 1114112K
  class space    used 6731K, committed 7168K, reserved 1048576K
}
Event: 10.503 GC heap before
{Heap before GC invocations=41 (full 3):
 PSYoungGen      total 21504K, used 20384K [0x00000000eab00000, 0x00000000ec180000, 0x0000000100000000)
  eden space 19968K, 100% used [0x00000000eab00000,0x00000000ebe80000,0x00000000ebe80000)
  from space 1536K, 27% used [0x00000000ebe80000,0x00000000ebee8000,0x00000000ec000000)
  to   space 1024K, 0% used [0x00000000ec080000,0x00000000ec080000,0x00000000ec180000)
 ParOldGen       total 68608K, used 54151K [0x00000000c0000000, 0x00000000c4300000, 0x00000000eab00000)
  object space 68608K, 78% used [0x00000000c0000000,0x00000000c34e1ed8,0x00000000c4300000)
 Metaspace       used 63331K, committed 64512K, reserved 1114112K
  class space    used 6882K, committed 7360K, reserved 1048576K
}
Event: 10.507 GC heap after
{Heap after GC invocations=41 (full 3):
 PSYoungGen      total 20992K, used 1006K [0x00000000eab00000, 0x00000000ec180000, 0x0000000100000000)
  eden space 19968K, 0% used [0x00000000eab00000,0x00000000eab00000,0x00000000ebe80000)
  from space 1024K, 98% used [0x00000000ec080000,0x00000000ec17ba40,0x00000000ec180000)
  to   space 1536K, 0% used [0x00000000ebe80000,0x00000000ebe80000,0x00000000ec000000)
 ParOldGen       total 68608K, used 54351K [0x00000000c0000000, 0x00000000c4300000, 0x00000000eab00000)
  object space 68608K, 79% used [0x00000000c0000000,0x00000000c3513ed8,0x00000000c4300000)
 Metaspace       used 63331K, committed 64512K, reserved 1114112K
  class space    used 6882K, committed 7360K, reserved 1048576K
}
Event: 21.321 GC heap before
{Heap before GC invocations=42 (full 3):
 PSYoungGen      total 20992K, used 20974K [0x00000000eab00000, 0x00000000ec180000, 0x0000000100000000)
  eden space 19968K, 99% used [0x00000000eab00000,0x00000000ebe7ffe8,0x00000000ebe80000)
  from space 1024K, 98% used [0x00000000ec080000,0x00000000ec17ba40,0x00000000ec180000)
  to   space 1536K, 0% used [0x00000000ebe80000,0x00000000ebe80000,0x00000000ec000000)
 ParOldGen       total 68608K, used 54351K [0x00000000c0000000, 0x00000000c4300000, 0x00000000eab00000)
  object space 68608K, 79% used [0x00000000c0000000,0x00000000c3513ed8,0x00000000c4300000)
 Metaspace       used 64107K, committed 65216K, reserved 1114112K
  class space    used 6976K, committed 7424K, reserved 1048576K
}

